C:\USERS\PILPO\DOCUMENTS\VISUAL STUDIO 2012\PROJECTS\CIVILISATION_07_12_12_AUG_CARAC_OK\WRAPPER_ALGORITHMECPP\RELEASE\WRAPPER_ALGO_CARTE.OBJ
C:\USERS\PILPO\DOCUMENTS\VISUAL STUDIO 2012\PROJECTS\CIVILISATION_07_12_12_AUG_CARAC_OK\WRAPPER_ALGORITHMECPP\RELEASE\VC110.PDB
C:\USERS\PILPO\DOCUMENTS\VISUAL STUDIO 2012\PROJECTS\CIVILISATION_07_12_12_AUG_CARAC_OK\WRAPPER_ALGORITHMECPP\RELEASE\.NETFRAMEWORK,VERSION=V4.5.ASSEMBLYATTRIBUTES.OBJ
C:\USERS\PILPO\DOCUMENTS\VISUAL STUDIO 2012\PROJECTS\CIVILISATION_07_12_12_AUG_CARAC_OK\RELEASE\WRAPPER_ALGORITHMECPP.DLL
C:\USERS\PILPO\DOCUMENTS\VISUAL STUDIO 2012\PROJECTS\CIVILISATION_07_12_12_AUG_CARAC_OK\RELEASE\WRAPPER_ALGORITHMECPP.PDB
C:\Users\Pilpo\Documents\Visual Studio 2012\Projects\Civilisation_07_12_12_aug_carac_ok\Wrapper_AlgorithmeCPP\Release\Wrapper_AlgorithmeCPP.vcxprojResolveAssemblyReference.cache
C:\Users\Pilpo\Documents\Visual Studio 2012\Projects\Civilisation_07_12_12_aug_carac_ok\Wrapper_AlgorithmeCPP\Release\.NETFramework,Version=v4.5.AssemblyAttributes.obj
C:\Users\Pilpo\Documents\Visual Studio 2012\Projects\Civilisation_07_12_12_aug_carac_ok\Wrapper_AlgorithmeCPP\Release\Wrapper_Algo_carte.obj
C:\Users\Pilpo\Documents\Visual Studio 2012\Projects\Civilisation_07_12_12_aug_carac_ok\Wrapper_AlgorithmeCPP\Release\cl.command.1.tlog
C:\Users\Pilpo\Documents\Visual Studio 2012\Projects\Civilisation_07_12_12_aug_carac_ok\Wrapper_AlgorithmeCPP\Release\CL.read.1.tlog
C:\Users\Pilpo\Documents\Visual Studio 2012\Projects\Civilisation_07_12_12_aug_carac_ok\Wrapper_AlgorithmeCPP\Release\CL.write.1.tlog
C:\Users\Pilpo\Documents\Visual Studio 2012\Projects\Civilisation_07_12_12_aug_carac_ok\Wrapper_AlgorithmeCPP\Release\link.2612-cvtres.read.1.tlog
C:\Users\Pilpo\Documents\Visual Studio 2012\Projects\Civilisation_07_12_12_aug_carac_ok\Wrapper_AlgorithmeCPP\Release\link.2612-cvtres.write.1.tlog
C:\Users\Pilpo\Documents\Visual Studio 2012\Projects\Civilisation_07_12_12_aug_carac_ok\Wrapper_AlgorithmeCPP\Release\link.2612-rc.read.1.tlog
C:\Users\Pilpo\Documents\Visual Studio 2012\Projects\Civilisation_07_12_12_aug_carac_ok\Wrapper_AlgorithmeCPP\Release\link.2612-rc.write.1.tlog
C:\Users\Pilpo\Documents\Visual Studio 2012\Projects\Civilisation_07_12_12_aug_carac_ok\Wrapper_AlgorithmeCPP\Release\link.2612.read.1.tlog
C:\Users\Pilpo\Documents\Visual Studio 2012\Projects\Civilisation_07_12_12_aug_carac_ok\Wrapper_AlgorithmeCPP\Release\link.2612.write.1.tlog
C:\Users\Pilpo\Documents\Visual Studio 2012\Projects\Civilisation_07_12_12_aug_carac_ok\Wrapper_AlgorithmeCPP\Release\link.2780-cvtres.read.1.tlog
C:\Users\Pilpo\Documents\Visual Studio 2012\Projects\Civilisation_07_12_12_aug_carac_ok\Wrapper_AlgorithmeCPP\Release\link.2780-cvtres.write.1.tlog
C:\Users\Pilpo\Documents\Visual Studio 2012\Projects\Civilisation_07_12_12_aug_carac_ok\Wrapper_AlgorithmeCPP\Release\link.2780-rc.read.1.tlog
C:\Users\Pilpo\Documents\Visual Studio 2012\Projects\Civilisation_07_12_12_aug_carac_ok\Wrapper_AlgorithmeCPP\Release\link.2780-rc.write.1.tlog
C:\Users\Pilpo\Documents\Visual Studio 2012\Projects\Civilisation_07_12_12_aug_carac_ok\Wrapper_AlgorithmeCPP\Release\link.2780.read.1.tlog
C:\Users\Pilpo\Documents\Visual Studio 2012\Projects\Civilisation_07_12_12_aug_carac_ok\Wrapper_AlgorithmeCPP\Release\link.2780.write.1.tlog
C:\Users\Pilpo\Documents\Visual Studio 2012\Projects\Civilisation_07_12_12_aug_carac_ok\Wrapper_AlgorithmeCPP\Release\link.2784-cvtres.read.1.tlog
C:\Users\Pilpo\Documents\Visual Studio 2012\Projects\Civilisation_07_12_12_aug_carac_ok\Wrapper_AlgorithmeCPP\Release\link.2784-cvtres.write.1.tlog
C:\Users\Pilpo\Documents\Visual Studio 2012\Projects\Civilisation_07_12_12_aug_carac_ok\Wrapper_AlgorithmeCPP\Release\link.2784-rc.read.1.tlog
C:\Users\Pilpo\Documents\Visual Studio 2012\Projects\Civilisation_07_12_12_aug_carac_ok\Wrapper_AlgorithmeCPP\Release\link.2784-rc.write.1.tlog
C:\Users\Pilpo\Documents\Visual Studio 2012\Projects\Civilisation_07_12_12_aug_carac_ok\Wrapper_AlgorithmeCPP\Release\link.2784.read.1.tlog
C:\Users\Pilpo\Documents\Visual Studio 2012\Projects\Civilisation_07_12_12_aug_carac_ok\Wrapper_AlgorithmeCPP\Release\link.2784.write.1.tlog
C:\Users\Pilpo\Documents\Visual Studio 2012\Projects\Civilisation_07_12_12_aug_carac_ok\Wrapper_AlgorithmeCPP\Release\link.3140-cvtres.read.1.tlog
C:\Users\Pilpo\Documents\Visual Studio 2012\Projects\Civilisation_07_12_12_aug_carac_ok\Wrapper_AlgorithmeCPP\Release\link.3140-cvtres.write.1.tlog
C:\Users\Pilpo\Documents\Visual Studio 2012\Projects\Civilisation_07_12_12_aug_carac_ok\Wrapper_AlgorithmeCPP\Release\link.3140-rc.read.1.tlog
C:\Users\Pilpo\Documents\Visual Studio 2012\Projects\Civilisation_07_12_12_aug_carac_ok\Wrapper_AlgorithmeCPP\Release\link.3140-rc.write.1.tlog
C:\Users\Pilpo\Documents\Visual Studio 2012\Projects\Civilisation_07_12_12_aug_carac_ok\Wrapper_AlgorithmeCPP\Release\link.3140.read.1.tlog
C:\Users\Pilpo\Documents\Visual Studio 2012\Projects\Civilisation_07_12_12_aug_carac_ok\Wrapper_AlgorithmeCPP\Release\link.3140.write.1.tlog
C:\Users\Pilpo\Documents\Visual Studio 2012\Projects\Civilisation_07_12_12_aug_carac_ok\Wrapper_AlgorithmeCPP\Release\link.4056-cvtres.read.1.tlog
C:\Users\Pilpo\Documents\Visual Studio 2012\Projects\Civilisation_07_12_12_aug_carac_ok\Wrapper_AlgorithmeCPP\Release\link.4056-cvtres.write.1.tlog
C:\Users\Pilpo\Documents\Visual Studio 2012\Projects\Civilisation_07_12_12_aug_carac_ok\Wrapper_AlgorithmeCPP\Release\link.4056-rc.read.1.tlog
C:\Users\Pilpo\Documents\Visual Studio 2012\Projects\Civilisation_07_12_12_aug_carac_ok\Wrapper_AlgorithmeCPP\Release\link.4056-rc.write.1.tlog
C:\Users\Pilpo\Documents\Visual Studio 2012\Projects\Civilisation_07_12_12_aug_carac_ok\Wrapper_AlgorithmeCPP\Release\link.4056.read.1.tlog
C:\Users\Pilpo\Documents\Visual Studio 2012\Projects\Civilisation_07_12_12_aug_carac_ok\Wrapper_AlgorithmeCPP\Release\link.4056.write.1.tlog
C:\Users\Pilpo\Documents\Visual Studio 2012\Projects\Civilisation_07_12_12_aug_carac_ok\Wrapper_AlgorithmeCPP\Release\link.4316-cvtres.read.1.tlog
C:\Users\Pilpo\Documents\Visual Studio 2012\Projects\Civilisation_07_12_12_aug_carac_ok\Wrapper_AlgorithmeCPP\Release\link.4316-cvtres.write.1.tlog
C:\Users\Pilpo\Documents\Visual Studio 2012\Projects\Civilisation_07_12_12_aug_carac_ok\Wrapper_AlgorithmeCPP\Release\link.4316-rc.read.1.tlog
C:\Users\Pilpo\Documents\Visual Studio 2012\Projects\Civilisation_07_12_12_aug_carac_ok\Wrapper_AlgorithmeCPP\Release\link.4316-rc.write.1.tlog
C:\Users\Pilpo\Documents\Visual Studio 2012\Projects\Civilisation_07_12_12_aug_carac_ok\Wrapper_AlgorithmeCPP\Release\link.4316.read.1.tlog
C:\Users\Pilpo\Documents\Visual Studio 2012\Projects\Civilisation_07_12_12_aug_carac_ok\Wrapper_AlgorithmeCPP\Release\link.4316.write.1.tlog
C:\Users\Pilpo\Documents\Visual Studio 2012\Projects\Civilisation_07_12_12_aug_carac_ok\Wrapper_AlgorithmeCPP\Release\link.44-cvtres.read.1.tlog
C:\Users\Pilpo\Documents\Visual Studio 2012\Projects\Civilisation_07_12_12_aug_carac_ok\Wrapper_AlgorithmeCPP\Release\link.44-cvtres.write.1.tlog
C:\Users\Pilpo\Documents\Visual Studio 2012\Projects\Civilisation_07_12_12_aug_carac_ok\Wrapper_AlgorithmeCPP\Release\link.44-rc.read.1.tlog
C:\Users\Pilpo\Documents\Visual Studio 2012\Projects\Civilisation_07_12_12_aug_carac_ok\Wrapper_AlgorithmeCPP\Release\link.44-rc.write.1.tlog
C:\Users\Pilpo\Documents\Visual Studio 2012\Projects\Civilisation_07_12_12_aug_carac_ok\Wrapper_AlgorithmeCPP\Release\link.44.read.1.tlog
C:\Users\Pilpo\Documents\Visual Studio 2012\Projects\Civilisation_07_12_12_aug_carac_ok\Wrapper_AlgorithmeCPP\Release\link.44.write.1.tlog
C:\Users\Pilpo\Documents\Visual Studio 2012\Projects\Civilisation_07_12_12_aug_carac_ok\Wrapper_AlgorithmeCPP\Release\link.command.1.tlog
C:\Users\Pilpo\Documents\Visual Studio 2012\Projects\Civilisation_07_12_12_aug_carac_ok\Wrapper_AlgorithmeCPP\Release\link.read.1.tlog
C:\Users\Pilpo\Documents\Visual Studio 2012\Projects\Civilisation_07_12_12_aug_carac_ok\Wrapper_AlgorithmeCPP\Release\link.write.1.tlog
C:\Users\Pilpo\Documents\Visual Studio 2012\Projects\Civilisation_07_12_12_aug_carac_ok\Wrapper_AlgorithmeCPP\Release\metagen.read.1.tlog
C:\Users\Pilpo\Documents\Visual Studio 2012\Projects\Civilisation_07_12_12_aug_carac_ok\Wrapper_AlgorithmeCPP\Release\metagen.write.1.tlog
C:\Users\Pilpo\Documents\Visual Studio 2012\Projects\Civilisation_07_12_12_aug_carac_ok\Wrapper_AlgorithmeCPP\Release\vc110.pdb
C:\Users\Pilpo\Documents\Visual Studio 2012\Projects\Civilisation_07_12_12_aug_carac_ok\Wrapper_AlgorithmeCPP\Release\TZRES.DLL.bi
C:\Users\Pilpo\Documents\Visual Studio 2012\Projects\Civilisation_07_12_12_aug_carac_ok\Release\Wrapper_AlgorithmeCPP.pdb
C:\Users\Pilpo\Documents\Visual Studio 2012\Projects\Civilisation_07_12_12_aug_carac_ok\Release\Wrapper_AlgorithmeCPP.dll
