C:\USERS\PILPO\DOCUMENTS\VISUAL STUDIO 2012\PROJECTS\CIVILISATION_07_12_12_FENETRE_PROD_OK\WRAPPER_ALGORITHMECPP\RELEASE\WRAPPER_ALGO_CARTE.OBJ
C:\USERS\PILPO\DOCUMENTS\VISUAL STUDIO 2012\PROJECTS\CIVILISATION_07_12_12_FENETRE_PROD_OK\WRAPPER_ALGORITHMECPP\RELEASE\VC110.PDB
C:\USERS\PILPO\DOCUMENTS\VISUAL STUDIO 2012\PROJECTS\CIVILISATION_07_12_12_FENETRE_PROD_OK\RELEASE\WRAPPER_ALGORITHMECPP.DLL
C:\USERS\PILPO\DOCUMENTS\VISUAL STUDIO 2012\PROJECTS\CIVILISATION_07_12_12_FENETRE_PROD_OK\RELEASE\WRAPPER_ALGORITHMECPP.PDB
C:\Users\Pilpo\Documents\Visual Studio 2012\Projects\Civilisation_07_12_12_fenetre_prod_ok\Wrapper_AlgorithmeCPP\Release\Wrapper_AlgorithmeCPP.vcxprojResolveAssemblyReference.cache
C:\Users\Pilpo\Documents\Visual Studio 2012\Projects\Civilisation_07_12_12_fenetre_prod_ok\Wrapper_AlgorithmeCPP\Release\.NETFramework,Version=v4.5.AssemblyAttributes.obj
C:\Users\Pilpo\Documents\Visual Studio 2012\Projects\Civilisation_07_12_12_fenetre_prod_ok\Wrapper_AlgorithmeCPP\Release\Wrapper_Algo_carte.obj
C:\Users\Pilpo\Documents\Visual Studio 2012\Projects\Civilisation_07_12_12_fenetre_prod_ok\Wrapper_AlgorithmeCPP\Release\cl.command.1.tlog
C:\Users\Pilpo\Documents\Visual Studio 2012\Projects\Civilisation_07_12_12_fenetre_prod_ok\Wrapper_AlgorithmeCPP\Release\CL.read.1.tlog
C:\Users\Pilpo\Documents\Visual Studio 2012\Projects\Civilisation_07_12_12_fenetre_prod_ok\Wrapper_AlgorithmeCPP\Release\CL.write.1.tlog
C:\Users\Pilpo\Documents\Visual Studio 2012\Projects\Civilisation_07_12_12_fenetre_prod_ok\Wrapper_AlgorithmeCPP\Release\link.1764-cvtres.read.1.tlog
C:\Users\Pilpo\Documents\Visual Studio 2012\Projects\Civilisation_07_12_12_fenetre_prod_ok\Wrapper_AlgorithmeCPP\Release\link.1764-cvtres.write.1.tlog
C:\Users\Pilpo\Documents\Visual Studio 2012\Projects\Civilisation_07_12_12_fenetre_prod_ok\Wrapper_AlgorithmeCPP\Release\link.1764-rc.read.1.tlog
C:\Users\Pilpo\Documents\Visual Studio 2012\Projects\Civilisation_07_12_12_fenetre_prod_ok\Wrapper_AlgorithmeCPP\Release\link.1764-rc.write.1.tlog
C:\Users\Pilpo\Documents\Visual Studio 2012\Projects\Civilisation_07_12_12_fenetre_prod_ok\Wrapper_AlgorithmeCPP\Release\link.1764.read.1.tlog
C:\Users\Pilpo\Documents\Visual Studio 2012\Projects\Civilisation_07_12_12_fenetre_prod_ok\Wrapper_AlgorithmeCPP\Release\link.1764.write.1.tlog
C:\Users\Pilpo\Documents\Visual Studio 2012\Projects\Civilisation_07_12_12_fenetre_prod_ok\Wrapper_AlgorithmeCPP\Release\link.2308-cvtres.read.1.tlog
C:\Users\Pilpo\Documents\Visual Studio 2012\Projects\Civilisation_07_12_12_fenetre_prod_ok\Wrapper_AlgorithmeCPP\Release\link.2308-cvtres.write.1.tlog
C:\Users\Pilpo\Documents\Visual Studio 2012\Projects\Civilisation_07_12_12_fenetre_prod_ok\Wrapper_AlgorithmeCPP\Release\link.2308-rc.read.1.tlog
C:\Users\Pilpo\Documents\Visual Studio 2012\Projects\Civilisation_07_12_12_fenetre_prod_ok\Wrapper_AlgorithmeCPP\Release\link.2308-rc.write.1.tlog
C:\Users\Pilpo\Documents\Visual Studio 2012\Projects\Civilisation_07_12_12_fenetre_prod_ok\Wrapper_AlgorithmeCPP\Release\link.2308.read.1.tlog
C:\Users\Pilpo\Documents\Visual Studio 2012\Projects\Civilisation_07_12_12_fenetre_prod_ok\Wrapper_AlgorithmeCPP\Release\link.2308.write.1.tlog
C:\Users\Pilpo\Documents\Visual Studio 2012\Projects\Civilisation_07_12_12_fenetre_prod_ok\Wrapper_AlgorithmeCPP\Release\link.3084-cvtres.read.1.tlog
C:\Users\Pilpo\Documents\Visual Studio 2012\Projects\Civilisation_07_12_12_fenetre_prod_ok\Wrapper_AlgorithmeCPP\Release\link.3084-cvtres.write.1.tlog
C:\Users\Pilpo\Documents\Visual Studio 2012\Projects\Civilisation_07_12_12_fenetre_prod_ok\Wrapper_AlgorithmeCPP\Release\link.3084-rc.read.1.tlog
C:\Users\Pilpo\Documents\Visual Studio 2012\Projects\Civilisation_07_12_12_fenetre_prod_ok\Wrapper_AlgorithmeCPP\Release\link.3084-rc.write.1.tlog
C:\Users\Pilpo\Documents\Visual Studio 2012\Projects\Civilisation_07_12_12_fenetre_prod_ok\Wrapper_AlgorithmeCPP\Release\link.3084.read.1.tlog
C:\Users\Pilpo\Documents\Visual Studio 2012\Projects\Civilisation_07_12_12_fenetre_prod_ok\Wrapper_AlgorithmeCPP\Release\link.3084.write.1.tlog
C:\Users\Pilpo\Documents\Visual Studio 2012\Projects\Civilisation_07_12_12_fenetre_prod_ok\Wrapper_AlgorithmeCPP\Release\link.3388-cvtres.read.1.tlog
C:\Users\Pilpo\Documents\Visual Studio 2012\Projects\Civilisation_07_12_12_fenetre_prod_ok\Wrapper_AlgorithmeCPP\Release\link.3388-cvtres.write.1.tlog
C:\Users\Pilpo\Documents\Visual Studio 2012\Projects\Civilisation_07_12_12_fenetre_prod_ok\Wrapper_AlgorithmeCPP\Release\link.3388-rc.read.1.tlog
C:\Users\Pilpo\Documents\Visual Studio 2012\Projects\Civilisation_07_12_12_fenetre_prod_ok\Wrapper_AlgorithmeCPP\Release\link.3388-rc.write.1.tlog
C:\Users\Pilpo\Documents\Visual Studio 2012\Projects\Civilisation_07_12_12_fenetre_prod_ok\Wrapper_AlgorithmeCPP\Release\link.3388.read.1.tlog
C:\Users\Pilpo\Documents\Visual Studio 2012\Projects\Civilisation_07_12_12_fenetre_prod_ok\Wrapper_AlgorithmeCPP\Release\link.3388.write.1.tlog
C:\Users\Pilpo\Documents\Visual Studio 2012\Projects\Civilisation_07_12_12_fenetre_prod_ok\Wrapper_AlgorithmeCPP\Release\link.708-cvtres.read.1.tlog
C:\Users\Pilpo\Documents\Visual Studio 2012\Projects\Civilisation_07_12_12_fenetre_prod_ok\Wrapper_AlgorithmeCPP\Release\link.708-cvtres.write.1.tlog
C:\Users\Pilpo\Documents\Visual Studio 2012\Projects\Civilisation_07_12_12_fenetre_prod_ok\Wrapper_AlgorithmeCPP\Release\link.708-rc.read.1.tlog
C:\Users\Pilpo\Documents\Visual Studio 2012\Projects\Civilisation_07_12_12_fenetre_prod_ok\Wrapper_AlgorithmeCPP\Release\link.708-rc.write.1.tlog
C:\Users\Pilpo\Documents\Visual Studio 2012\Projects\Civilisation_07_12_12_fenetre_prod_ok\Wrapper_AlgorithmeCPP\Release\link.708.read.1.tlog
C:\Users\Pilpo\Documents\Visual Studio 2012\Projects\Civilisation_07_12_12_fenetre_prod_ok\Wrapper_AlgorithmeCPP\Release\link.708.write.1.tlog
C:\Users\Pilpo\Documents\Visual Studio 2012\Projects\Civilisation_07_12_12_fenetre_prod_ok\Wrapper_AlgorithmeCPP\Release\link.788-cvtres.read.1.tlog
C:\Users\Pilpo\Documents\Visual Studio 2012\Projects\Civilisation_07_12_12_fenetre_prod_ok\Wrapper_AlgorithmeCPP\Release\link.788-cvtres.write.1.tlog
C:\Users\Pilpo\Documents\Visual Studio 2012\Projects\Civilisation_07_12_12_fenetre_prod_ok\Wrapper_AlgorithmeCPP\Release\link.788-rc.read.1.tlog
C:\Users\Pilpo\Documents\Visual Studio 2012\Projects\Civilisation_07_12_12_fenetre_prod_ok\Wrapper_AlgorithmeCPP\Release\link.788-rc.write.1.tlog
C:\Users\Pilpo\Documents\Visual Studio 2012\Projects\Civilisation_07_12_12_fenetre_prod_ok\Wrapper_AlgorithmeCPP\Release\link.788.read.1.tlog
C:\Users\Pilpo\Documents\Visual Studio 2012\Projects\Civilisation_07_12_12_fenetre_prod_ok\Wrapper_AlgorithmeCPP\Release\link.788.write.1.tlog
C:\Users\Pilpo\Documents\Visual Studio 2012\Projects\Civilisation_07_12_12_fenetre_prod_ok\Wrapper_AlgorithmeCPP\Release\link.command.1.tlog
C:\Users\Pilpo\Documents\Visual Studio 2012\Projects\Civilisation_07_12_12_fenetre_prod_ok\Wrapper_AlgorithmeCPP\Release\link.read.1.tlog
C:\Users\Pilpo\Documents\Visual Studio 2012\Projects\Civilisation_07_12_12_fenetre_prod_ok\Wrapper_AlgorithmeCPP\Release\link.write.1.tlog
C:\Users\Pilpo\Documents\Visual Studio 2012\Projects\Civilisation_07_12_12_fenetre_prod_ok\Wrapper_AlgorithmeCPP\Release\metagen.read.1.tlog
C:\Users\Pilpo\Documents\Visual Studio 2012\Projects\Civilisation_07_12_12_fenetre_prod_ok\Wrapper_AlgorithmeCPP\Release\metagen.write.1.tlog
C:\Users\Pilpo\Documents\Visual Studio 2012\Projects\Civilisation_07_12_12_fenetre_prod_ok\Wrapper_AlgorithmeCPP\Release\vc110.pdb
C:\Users\Pilpo\Documents\Visual Studio 2012\Projects\Civilisation_07_12_12_fenetre_prod_ok\Wrapper_AlgorithmeCPP\Release\TZRES.DLL.bi
C:\Users\Pilpo\Documents\Visual Studio 2012\Projects\Civilisation_07_12_12_fenetre_prod_ok\Release\Wrapper_AlgorithmeCPP.pdb
C:\Users\Pilpo\Documents\Visual Studio 2012\Projects\Civilisation_07_12_12_fenetre_prod_ok\Release\Wrapper_AlgorithmeCPP.dll
